# Changelog
All notable changes to this project will be documented in this file.

The format is based on [Keep a Changelog](https://keepachangelog.com/en/1.0.0/),
and this project adheres to [Semantic Versioning](https://semver.org/spec/v2.0.0.html).

Allowed statuses: Added, Changed, Fixed, Removed

## [Unreleased]



## [0.1.0]

### Added
Dev and UAT Stages
Login script
Testing pipelines
Cherry pick commit job

## [0.2.0]

### Added
Created Jenkins pipeline for deployment
Rollback pipeline for jenkins
Rollback python script

### Changed
Refactored code to utilize functions
Moved login to functions
Added logout to scripts